<component name="libraryTable">
  <library name="JUnit5Tutorial">
    <CLASSES>
      <root url="jar://$PROJECT_DIR$/public_html/grupo-00/tutoriais/tutorial1/arquivos/JUnit5Tutorial.zip!/" />
    </CLASSES>
    <JAVADOC />
    <SOURCES />
  </library>
</component>